<?xml version="1.0" encoding="UTF-8"?>
<!-- Generated by org.testng.reporters.JUnitReportReporter -->
<testsuite skipped="3" hostname="AMICHAITO1-HHS" name="TestNG.SanityAllOptions" tests="12" failures="0" timestamp="04 Feb 2020 07:54:26 GMT" time="494.890" errors="1">
  <testcase name="initialQuestions" time="55.000" classname="TestNG.SanityAllOptions"/>
  <testcase name="initialOfferScreen" time="47.418" classname="TestNG.SanityAllOptions"/>
  <testcase name="finalQuestions" time="79.623" classname="TestNG.SanityAllOptions"/>
  <testcase name="finalOfferScreen" time="32.969" classname="TestNG.SanityAllOptions"/>
  <testcase name="covers" time="6.036" classname="TestNG.SanityAllOptions"/>
  <testcase name="payments" time="27.920" classname="TestNG.SanityAllOptions"/>
  <testcase name="returnSteps" time="71.288" classname="TestNG.SanityAllOptions"/>
  <testcase name="forwardSteps" time="100.243" classname="TestNG.SanityAllOptions"/>
  <testcase name="iframeCreditGuard" time="74.393" classname="TestNG.SanityAllOptions">
    <error type="java.lang.Exception" message="Failed in Iframe CreditGuard">
      <![CDATA[java.lang.Exception: Failed in Iframe CreditGuard
at TestNG.SanityAllOptions.iframeCreditGuard(SanityAllOptions.java:215)
at sun.reflect.NativeMethodAccessorImpl.invoke0(Native Method)
at sun.reflect.NativeMethodAccessorImpl.invoke(Unknown Source)
at sun.reflect.DelegatingMethodAccessorImpl.invoke(Unknown Source)
at java.lang.reflect.Method.invoke(Unknown Source)
at org.testng.internal.MethodInvocationHelper.invokeMethod(MethodInvocationHelper.java:124)
at org.testng.internal.Invoker.invokeMethod(Invoker.java:583)
at org.testng.internal.Invoker.invokeTestMethod(Invoker.java:719)
at org.testng.internal.Invoker.invokeTestMethods(Invoker.java:989)
at org.testng.internal.TestMethodWorker.invokeTestMethods(TestMethodWorker.java:125)
at org.testng.internal.TestMethodWorker.run(TestMethodWorker.java:109)
at org.testng.TestRunner.privateRun(TestRunner.java:648)
at org.testng.TestRunner.run(TestRunner.java:505)
at org.testng.SuiteRunner.runTest(SuiteRunner.java:455)
at org.testng.SuiteRunner.access$000(SuiteRunner.java:40)
at org.testng.SuiteRunner$SuiteWorker.run(SuiteRunner.java:489)
at org.testng.internal.thread.ThreadUtil$1.call(ThreadUtil.java:52)
at java.util.concurrent.FutureTask.run(Unknown Source)
at java.util.concurrent.ThreadPoolExecutor.runWorker(Unknown Source)
at java.util.concurrent.ThreadPoolExecutor$Worker.run(Unknown Source)
at java.lang.Thread.run(Unknown Source)
]]>
    </error>
  </testcase> <!-- iframeCreditGuard -->
  <testcase name="thankYouPage" time="0.000" classname="TestNG.SanityAllOptions">
    <skipped/>
  </testcase> <!-- thankYouPage -->
  <testcase name="registeredAccount" time="0.000" classname="TestNG.SanityAllOptions">
    <skipped/>
  </testcase> <!-- registeredAccount -->
  <testcase name="callMeWizard" classname="TestNG.SanityAllOptions">
    <skipped/>
  </testcase> <!-- callMeWizard -->
</testsuite> <!-- TestNG.SanityAllOptions -->
