<?xml version="1.0" encoding="UTF-8"?>
<!-- Generated by org.testng.reporters.JUnitXMLReporter -->
<testsuite hostname="AMICHAITO1-HHS" ignored="5" name="Test-class test 2 red1years" tests="8" failures="1" timestamp="15 Jan 2020 18:00:42 GMT" time="394.413" errors="0">
  <testcase name="initialOfferQuestions" time="58.898" classname="TestNG.sanityAllOptionsTest"/>
  <testcase name="initialOfferScreen" time="44.811" classname="TestNG.sanityAllOptionsTest"/>
  <testcase name="finalOfferQuestions" time="82.541" classname="TestNG.sanityAllOptionsTest"/>
  <testcase name="finalOfferScreen" time="32.119" classname="TestNG.sanityAllOptionsTest"/>
  <testcase name="covers" time="5.426" classname="TestNG.sanityAllOptionsTest"/>
  <testcase name="payments" time="27.423" classname="TestNG.sanityAllOptionsTest"/>
  <testcase name="returnSteps" time="68.86" classname="TestNG.sanityAllOptionsTest"/>
  <testcase name="forwardSteps" time="74.288" classname="TestNG.sanityAllOptionsTest">
    <failure type="java.lang.Exception" message="Failed in Email send by iiii.co.il">
      <![CDATA[java.lang.Exception: Failed in Email send by iiii.co.il
at TestNG.sanityAllOptionsTest.emailException(sanityAllOptionsTest.java:156)
at TestNG.sanityAllOptionsTest.forwardSteps(sanityAllOptionsTest.java:1223)
at java.util.concurrent.FutureTask.run(Unknown Source)
at java.util.concurrent.ThreadPoolExecutor.runWorker(Unknown Source)
at java.util.concurrent.ThreadPoolExecutor$Worker.run(Unknown Source)
at java.lang.Thread.run(Unknown Source)
... Removed 16 stack frames]]>
    </failure>
  </testcase> <!-- forwardSteps -->
  <testcase name="callMeWizard2" time="0.0" classname="TestNG.sanityAllOptionsTest">
    <ignored/>
  </testcase> <!-- callMeWizard2 -->
  <testcase name="callMeWizard1" time="0.0" classname="TestNG.sanityAllOptionsTest">
    <ignored/>
  </testcase> <!-- callMeWizard1 -->
  <testcase name="thankYouPage" time="0.0" classname="TestNG.sanityAllOptionsTest">
    <ignored/>
  </testcase> <!-- thankYouPage -->
  <testcase name="registeredAccount" time="0.0" classname="TestNG.sanityAllOptionsTest">
    <ignored/>
  </testcase> <!-- registeredAccount -->
  <testcase name="iframeCreditGuard" time="0.0" classname="TestNG.sanityAllOptionsTest">
    <ignored/>
  </testcase> <!-- iframeCreditGuard -->
</testsuite> <!-- Test-class test 2 red1years -->
